<?xml version="1.0" encoding="UTF-8"?>
<!-- Generated by org.testng.reporters.JUnitReportReporter -->
<testsuite skipped="0" hostname="M2388817" name="com.api.tests.APITest" tests="2" failures="0" timestamp="10 Oct 2018 10:19:35 GMT" time="4.748" errors="0">
  <testcase name="Get" time="3.424" classname="com.api.tests.APITest"/>
  <testcase name="Post" time="1.324" classname="com.api.tests.APITest"/>
</testsuite> <!-- com.api.tests.APITest -->
